Job running on landonia19
Job started: 10/11/2020 00:45:48
Setting up bash enviroment
Activating conda environment: gensim
Running provided command: bash scripts/experiment.sh "W2V_TEST_8"   8   w2v false false false None
Creating the folder for the experiment
About to run WEAT test 8
Creating a temp folder in scratch space...
Copying data to scratch space...
sending incremental file list
w2v_embeddings.300.vec

sent 185,831,522 bytes  received 35 bytes  74,332,622.80 bytes/sec
total size is 185,786,045  speedup is 1.00
Running WEAT script...
INFO:root:XWEAT started
INFO:root:Translating terms from en to es
INFO:root:Embeddings are in vec format
INFO:gensim.models.utils_any2vec:loading projection weights from /disk/scratch/v1rmuoz2/14648/weat_temp/data/w2v_embeddings.300.vec
INFO:gensim.models.utils_any2vec:loaded (52490, 300) matrix from /disk/scratch/v1rmuoz2/14648/weat_temp/data/w2v_embeddings.300.vec
INFO:root:Embeddings loaded
INFO:root:Running test
WARNING:root:Not in vocab de ella
INFO:root:Calculating p value ... 
INFO:root:Number of possible permutations: 12870
INFO:root:(0.055754498, 0.23251858, 0.3373737373737374)
Copying results back to headnode...
sending incremental file list
./
w2v_embeddings.300_W2V_TEST_8.out
w2v_embeddings.300_W2V_TEST_8.res

sent 913 bytes  received 57 bytes  646.67 bytes/sec
total size is 697  speedup is 0.72
Deleting data from scratch space...
About to train the subtask 1 network
Creating a temp forder in scratch
Copying data to scratch space
sending incremental file list
./
.empty
hateval2019_clean_es_dev.csv
hateval2019_clean_es_test.csv
hateval2019_clean_es_train.csv
hateval2019_en_dev.csv
hateval2019_en_test.csv
hateval2019_en_train.csv
hateval2019_es_dev.csv
hateval2019_es_test.csv
hateval2019_es_train.csv
task1_es_dev.csv
task1_es_test.csv
task1_es_train.csv
task1_g1_dev.csv
task1_g1_test.csv
task1_g1_train.csv
task1_g2_dev.csv
task1_g2_test.csv
task1_g2_train.csv
task2_es_dev.csv
task2_es_test.csv
task2_es_train.csv
task2_g1_dev.csv
task2_g1_test.csv
task2_g1_train.csv
task2_g2_dev.csv
task2_g2_test.csv
task2_g2_train.csv

sent 8,884,802 bytes  received 551 bytes  5,923,568.67 bytes/sec
total size is 8,880,806  speedup is 1.00
sending incremental file list
./
Pipeline_Test_w2v_embeddings.300.vec
ft_embeddings.300.model
ft_embeddings.300.model.trainables.syn1neg.npy
ft_embeddings.300.model.trainables.vectors_ngrams_lockf.npy
ft_embeddings.300.model.trainables.vectors_vocab_lockf.npy
ft_embeddings.300.model.wv.vectors.npy
ft_embeddings.300.model.wv.vectors_ngrams.npy
ft_embeddings.300.model.wv.vectors_vocab.npy
ft_embeddings.300.txt
ft_embeddings.300.vec
w2v_embeddings.300.model
w2v_embeddings.300.model.trainables.syn1neg.npy
w2v_embeddings.300.model.wv.vectors.npy
w2v_embeddings.300.txt
w2v_embeddings.300.vec
mod_temp/

sent 6,073,702,894 bytes  received 312 bytes  97,179,251.30 bytes/sec
total size is 6,072,219,153  speedup is 1.00
ft_embeddings.300.model
ft_embeddings.300.model.trainables.syn1neg.npy
ft_embeddings.300.model.trainables.vectors_ngrams_lockf.npy
ft_embeddings.300.model.trainables.vectors_vocab_lockf.npy
ft_embeddings.300.model.wv.vectors_ngrams.npy
ft_embeddings.300.model.wv.vectors.npy
ft_embeddings.300.model.wv.vectors_vocab.npy
ft_embeddings.300.txt
ft_embeddings.300.vec
hateval2019_clean_es_dev.csv
hateval2019_clean_es_test.csv
hateval2019_clean_es_train.csv
hateval2019_en_dev.csv
hateval2019_en_test.csv
hateval2019_en_train.csv
hateval2019_es_dev.csv
hateval2019_es_test.csv
hateval2019_es_train.csv
mod_temp
Pipeline_Test_w2v_embeddings.300.vec
task1_es_dev.csv
task1_es_test.csv
task1_es_train.csv
task1_g1_dev.csv
task1_g1_test.csv
task1_g1_train.csv
task1_g2_dev.csv
task1_g2_test.csv
task1_g2_train.csv
task2_es_dev.csv
task2_es_test.csv
task2_es_train.csv
task2_g1_dev.csv
task2_g1_test.csv
task2_g1_train.csv
task2_g2_dev.csv
task2_g2_test.csv
task2_g2_train.csv
w2v_embeddings.300.model
w2v_embeddings.300.model.trainables.syn1neg.npy
w2v_embeddings.300.model.wv.vectors.npy
w2v_embeddings.300.txt
w2v_embeddings.300.vec
Training CNN
/home/v1rmuoz2/conda/envs/gensim/lib/python3.7/site-packages/torchtext/data/field.py:150: UserWarning: Field class will be retired in the 0.8.0 release and moved to torchtext.legacy. Please see 0.7.0 release notes for further information.
  warnings.warn('{} class will be retired in the 0.8.0 release and moved to torchtext.legacy. Please see 0.7.0 release notes for further information.'.format(self.__class__.__name__), UserWarning)
/home/v1rmuoz2/conda/envs/gensim/lib/python3.7/site-packages/torchtext/data/example.py:78: UserWarning: Example class will be retired in the 0.8.0 release and moved to torchtext.legacy. Please see 0.7.0 release notes for further information.
  warnings.warn('Example class will be retired in the 0.8.0 release and moved to torchtext.legacy. Please see 0.7.0 release notes for further information.', UserWarning)
/home/v1rmuoz2/conda/envs/gensim/lib/python3.7/site-packages/torchtext/data/iterator.py:48: UserWarning: BucketIterator class will be retired in the 0.8.0 release and moved to torchtext.legacy. Please see 0.7.0 release notes for further information.
  warnings.warn('{} class will be retired in the 0.8.0 release and moved to torchtext.legacy. Please see 0.7.0 release notes for further information.'.format(self.__class__.__name__), UserWarning)
The `device` argument should be set by using `torch.device` or passing a string as an argument. This behavior will be deprecated soon and currently defaults to cpu.
The `device` argument should be set by using `torch.device` or passing a string as an argument. This behavior will be deprecated soon and currently defaults to cpu.
The `device` argument should be set by using `torch.device` or passing a string as an argument. This behavior will be deprecated soon and currently defaults to cpu.
/home/v1rmuoz2/conda/envs/gensim/lib/python3.7/site-packages/torchtext/data/batch.py:23: UserWarning: Batch class will be retired in the 0.8.0 release and moved to torchtext.legacy. Please see 0.7.0 release notes for further information.
  warnings.warn('{} class will be retired in the 0.8.0 release and moved to torchtext.legacy. Please see 0.7.0 release notes for further information.'.format(self.__class__.__name__), UserWarning)
/home/v1rmuoz2/conda/envs/gensim/lib/python3.7/site-packages/torch/nn/_reduction.py:44: UserWarning: size_average and reduce args will be deprecated, please use reduction='sum' instead.
  warnings.warn(warning.format(ret))

Loading data...

Parameters:
	BATCH_SIZE=64
	CLASS_NUM=2
	CUDA=False
	DATA_NAME=task1_es_
	DATA_PATH=/disk/scratch/v1rmuoz2/14648/cnn_temp/data/
	DEVICE=-1
	DROPOUT=0.5
	EARLY_STOP=1000
	EMBED_DIM=300
	EMBED_NUM=13466
	EMBEDDINGS=/disk/scratch/v1rmuoz2/14648/cnn_temp/data/w2v_embeddings.300.vec
	EPOCHS=256
	FIRST_HALF=False
	KERNEL_NUM=100
	KERNEL_SIZES=[3, 4, 5]
	LOG_INTERVAL=1
	LR=0.001
	MAX_NORM=3.0
	NO_DISPLAY=True
	PREDICT=None
	RESULTS_PATH=None
	SAVE_BEST=True
	SAVE_DIR=/disk/scratch/v1rmuoz2/14648/cnn_temp/2020-11-10_00-48-38
	SAVE_INTERVAL=500
	SHUFFLE=False
	SNAPSHOT=None
	STATIC=False
	TEST=False
	TEST_INTERVAL=100
	TEXT_FIELD=<torchtext.data.field.Field object at 0x7ff7bc10f890>
	USE_HALF=False

Evaluating
/home/v1rmuoz2/conda/envs/gensim/lib/python3.7/site-packages/torchtext/data/field.py:150: UserWarning: Field class will be retired in the 0.8.0 release and moved to torchtext.legacy. Please see 0.7.0 release notes for further information.
  warnings.warn('{} class will be retired in the 0.8.0 release and moved to torchtext.legacy. Please see 0.7.0 release notes for further information.'.format(self.__class__.__name__), UserWarning)
/home/v1rmuoz2/conda/envs/gensim/lib/python3.7/site-packages/torchtext/data/example.py:78: UserWarning: Example class will be retired in the 0.8.0 release and moved to torchtext.legacy. Please see 0.7.0 release notes for further information.
  warnings.warn('Example class will be retired in the 0.8.0 release and moved to torchtext.legacy. Please see 0.7.0 release notes for further information.', UserWarning)
/home/v1rmuoz2/conda/envs/gensim/lib/python3.7/site-packages/torchtext/data/iterator.py:48: UserWarning: BucketIterator class will be retired in the 0.8.0 release and moved to torchtext.legacy. Please see 0.7.0 release notes for further information.
  warnings.warn('{} class will be retired in the 0.8.0 release and moved to torchtext.legacy. Please see 0.7.0 release notes for further information.'.format(self.__class__.__name__), UserWarning)
The `device` argument should be set by using `torch.device` or passing a string as an argument. This behavior will be deprecated soon and currently defaults to cpu.
The `device` argument should be set by using `torch.device` or passing a string as an argument. This behavior will be deprecated soon and currently defaults to cpu.
The `device` argument should be set by using `torch.device` or passing a string as an argument. This behavior will be deprecated soon and currently defaults to cpu.

Loading data...

Parameters:
	BATCH_SIZE=64
	CLASS_NUM=2
	CUDA=False
	DATA_NAME=task1_es_
	DATA_PATH=/disk/scratch/v1rmuoz2/14648/cnn_temp/data/
	DEVICE=-1
	DROPOUT=0.5
	EARLY_STOP=1000
	EMBED_DIM=300
	EMBED_NUM=13466
	EMBEDDINGS=/disk/scratch/v1rmuoz2/14648/cnn_temp/data/w2v_embeddings.300.vec
	EPOCHS=256
	FIRST_HALF=False
	KERNEL_NUM=100
	KERNEL_SIZES=[3, 4, 5]
	LOG_INTERVAL=1
	LR=0.001
	MAX_NORM=3.0
	NO_DISPLAY=False
	PREDICT=None
	RESULTS_PATH=/disk/scratch/v1rmuoz2/14648/cnn_temp/out/task1_W2V_TEST_8.txt
	SAVE_BEST=True
	SAVE_DIR=./cnn/snapshot/2020-11-10_02-41-28
	SAVE_INTERVAL=500
	SHUFFLE=False
	SNAPSHOT=/disk/scratch/v1rmuoz2/14648/cnn_temp/best_steps_model.pt
	STATIC=False
	TEST=True
	TEST_INTERVAL=100
	TEXT_FIELD=<torchtext.data.field.Field object at 0x7f617a96bbd0>
	USE_HALF=False

Loading model from /disk/scratch/v1rmuoz2/14648/cnn_temp/best_steps_model.pt...
Traceback (most recent call last):
  File "./cnn/main.py", line 292, in <module>
    main()
  File "./cnn/main.py", line 265, in main
    cnn.load_state_dict(torch.load(args.snapshot))
  File "/home/v1rmuoz2/conda/envs/gensim/lib/python3.7/site-packages/torch/serialization.py", line 571, in load
    with _open_file_like(f, 'rb') as opened_file:
  File "/home/v1rmuoz2/conda/envs/gensim/lib/python3.7/site-packages/torch/serialization.py", line 229, in _open_file_like
    return _open_file(name_or_buffer, mode)
  File "/home/v1rmuoz2/conda/envs/gensim/lib/python3.7/site-packages/torch/serialization.py", line 210, in __init__
    super(_open_file, self).__init__(open(name, mode))
FileNotFoundError: [Errno 2] No such file or directory: '/disk/scratch/v1rmuoz2/14648/cnn_temp/best_steps_model.pt'
