Job running on landonia23
Job started: 02/11/2020 22:51:13
Setting up bash enviroment
Activating conda environment: gensim
Running provided command: bash scripts/experiment.sh "W2V_TEST_ES1" es1 w2v false false false None
Creating the folder for the experiment
About to run WEAT test es1
Creating a temp folder in scratch space...
Copying data to scratch space...
sending incremental file list
w2v_embeddings.300.vec

sent 185,831,522 bytes  received 35 bytes  33,787,555.82 bytes/sec
total size is 185,786,045  speedup is 1.00
Running WEAT script...
INFO:root:XWEAT started
INFO:root:Translating terms from en to es
INFO:root:Embeddings are in vec format
INFO:gensim.models.utils_any2vec:loading projection weights from /disk/scratch/v1rmuoz2/29665/weat_temp/data/w2v_embeddings.300.vec
INFO:gensim.models.utils_any2vec:loaded (52490, 300) matrix from /disk/scratch/v1rmuoz2/29665/weat_temp/data/w2v_embeddings.300.vec
INFO:root:Embeddings loaded
INFO:root:Running test
WARNING:root:Not in vocab astrónoma
WARNING:root:Not in vocab escultora
WARNING:root:Not in vocab poetisa
WARNING:root:Not in vocab actora
WARNING:root:Not in vocab astrónomo
WARNING:root:Not in vocab pintora
INFO:root:Popped A1 6
INFO:root:Popped A1 40
INFO:root:Calculating p value ... 
INFO:root:Number of possible permutations: 184756
INFO:root:Computing randomly first 100000 permutations
INFO:root:Iteration 100000 finished
INFO:root:(0.090819895, 0.20947255, 0.32972)
Copying results back to headnode...
sending incremental file list
./
w2v_embeddings.300_W2V_TEST_ES1.out
w2v_embeddings.300_W2V_TEST_ES1.res

sent 1,207 bytes  received 57 bytes  2,528.00 bytes/sec
total size is 992  speedup is 0.78
Deleting data from scratch space...
About to train the subtask 1 network
Creating a temp forder in scratch
Copying data to scratch space
sending incremental file list
./
.empty
hateval2019_clean_es_dev.csv
hateval2019_clean_es_test.csv
hateval2019_clean_es_train.csv
hateval2019_en_dev.csv
hateval2019_en_test.csv
hateval2019_en_train.csv
hateval2019_es_dev.csv
hateval2019_es_test.csv
hateval2019_es_train.csv
task1_es_dev.csv
task1_es_test.csv
task1_es_train.csv
task1_g1_dev.csv
task1_g1_test.csv
task1_g1_train.csv
task1_g2_dev.csv
task1_g2_test.csv
task1_g2_train.csv
task2_es_dev.csv
task2_es_test.csv
task2_es_train.csv
task2_g1_dev.csv
task2_g1_test.csv
task2_g1_train.csv
task2_g2_dev.csv
task2_g2_test.csv
task2_g2_train.csv

sent 8,884,802 bytes  received 551 bytes  17,770,706.00 bytes/sec
total size is 8,880,806  speedup is 1.00
sending incremental file list
./
Pipeline_Test_w2v_embeddings.300.vec
ft_embeddings.300.model
ft_embeddings.300.model.trainables.syn1neg.npy
ft_embeddings.300.model.trainables.vectors_ngrams_lockf.npy
ft_embeddings.300.model.trainables.vectors_vocab_lockf.npy
ft_embeddings.300.model.wv.vectors.npy
ft_embeddings.300.model.wv.vectors_ngrams.npy
ft_embeddings.300.model.wv.vectors_vocab.npy
ft_embeddings.300.txt
ft_embeddings.300.vec
w2v_embeddings.300.model
w2v_embeddings.300.model.trainables.syn1neg.npy
w2v_embeddings.300.model.wv.vectors.npy
w2v_embeddings.300.txt
w2v_embeddings.300.vec
mod_temp/

sent 6,073,702,894 bytes  received 312 bytes  103,823,986.43 bytes/sec
total size is 6,072,219,153  speedup is 1.00
ft_embeddings.300.model
ft_embeddings.300.model.trainables.syn1neg.npy
ft_embeddings.300.model.trainables.vectors_ngrams_lockf.npy
ft_embeddings.300.model.trainables.vectors_vocab_lockf.npy
ft_embeddings.300.model.wv.vectors_ngrams.npy
ft_embeddings.300.model.wv.vectors.npy
ft_embeddings.300.model.wv.vectors_vocab.npy
ft_embeddings.300.txt
ft_embeddings.300.vec
hateval2019_clean_es_dev.csv
hateval2019_clean_es_test.csv
hateval2019_clean_es_train.csv
hateval2019_en_dev.csv
hateval2019_en_test.csv
hateval2019_en_train.csv
hateval2019_es_dev.csv
hateval2019_es_test.csv
hateval2019_es_train.csv
mod_temp
Pipeline_Test_w2v_embeddings.300.vec
task1_es_dev.csv
task1_es_test.csv
task1_es_train.csv
task1_g1_dev.csv
task1_g1_test.csv
task1_g1_train.csv
task1_g2_dev.csv
task1_g2_test.csv
task1_g2_train.csv
task2_es_dev.csv
task2_es_test.csv
task2_es_train.csv
task2_g1_dev.csv
task2_g1_test.csv
task2_g1_train.csv
task2_g2_dev.csv
task2_g2_test.csv
task2_g2_train.csv
w2v_embeddings.300.model
w2v_embeddings.300.model.trainables.syn1neg.npy
w2v_embeddings.300.model.wv.vectors.npy
w2v_embeddings.300.txt
w2v_embeddings.300.vec
Training CNN
/home/v1rmuoz2/conda/envs/gensim/lib/python3.7/site-packages/torchtext/data/field.py:150: UserWarning: Field class will be retired in the 0.8.0 release and moved to torchtext.legacy. Please see 0.7.0 release notes for further information.
  warnings.warn('{} class will be retired in the 0.8.0 release and moved to torchtext.legacy. Please see 0.7.0 release notes for further information.'.format(self.__class__.__name__), UserWarning)
/home/v1rmuoz2/conda/envs/gensim/lib/python3.7/site-packages/torchtext/data/example.py:78: UserWarning: Example class will be retired in the 0.8.0 release and moved to torchtext.legacy. Please see 0.7.0 release notes for further information.
  warnings.warn('Example class will be retired in the 0.8.0 release and moved to torchtext.legacy. Please see 0.7.0 release notes for further information.', UserWarning)
/home/v1rmuoz2/conda/envs/gensim/lib/python3.7/site-packages/torchtext/data/iterator.py:48: UserWarning: BucketIterator class will be retired in the 0.8.0 release and moved to torchtext.legacy. Please see 0.7.0 release notes for further information.
  warnings.warn('{} class will be retired in the 0.8.0 release and moved to torchtext.legacy. Please see 0.7.0 release notes for further information.'.format(self.__class__.__name__), UserWarning)
The `device` argument should be set by using `torch.device` or passing a string as an argument. This behavior will be deprecated soon and currently defaults to cpu.
The `device` argument should be set by using `torch.device` or passing a string as an argument. This behavior will be deprecated soon and currently defaults to cpu.
The `device` argument should be set by using `torch.device` or passing a string as an argument. This behavior will be deprecated soon and currently defaults to cpu.
/home/v1rmuoz2/conda/envs/gensim/lib/python3.7/site-packages/torchtext/data/batch.py:23: UserWarning: Batch class will be retired in the 0.8.0 release and moved to torchtext.legacy. Please see 0.7.0 release notes for further information.
  warnings.warn('{} class will be retired in the 0.8.0 release and moved to torchtext.legacy. Please see 0.7.0 release notes for further information.'.format(self.__class__.__name__), UserWarning)
/home/v1rmuoz2/conda/envs/gensim/lib/python3.7/site-packages/torch/nn/_reduction.py:44: UserWarning: size_average and reduce args will be deprecated, please use reduction='sum' instead.
  warnings.warn(warning.format(ret))

Loading data...

Parameters:
	BATCH_SIZE=64
	CLASS_NUM=2
	CUDA=False
	DATA_NAME=task1_es_
	DATA_PATH=/disk/scratch/v1rmuoz2/29665/cnn_temp/data/
	DEVICE=-1
	DROPOUT=0.5
	EARLY_STOP=1000
	EMBED_DIM=300
	EMBED_NUM=13466
	EMBEDDINGS=/disk/scratch/v1rmuoz2/29665/cnn_temp/data/w2v_embeddings.300.vec
	EPOCHS=256
	FIRST_HALF=False
	KERNEL_NUM=100
	KERNEL_SIZES=[3, 4, 5]
	LOG_INTERVAL=1
	LR=0.001
	MAX_NORM=3.0
	NO_DISPLAY=True
	PREDICT=None
	RESULTS_PATH=None
	SAVE_BEST=True
	SAVE_DIR=./cnn/snapshot/2020-11-02_23-06-51
	SAVE_INTERVAL=500
	SHUFFLE=False
	SNAPSHOT=None
	STATIC=False
	TEST=False
	TEST_INTERVAL=100
	TEXT_FIELD=<torchtext.data.field.Field object at 0x7f3636cf9c90>
	USE_HALF=False

Traceback (most recent call last):
  File "./cnn/main.py", line 292, in <module>
    main()
  File "./cnn/main.py", line 284, in main
    train.train(train_iter, dev_iter, cnn, args)
  File "/home/v1rmuoz2/embedding_bias/scripts/cnn/train.py", line 57, in train
    save(model, args.save_dir, 'best', steps)
  File "/home/v1rmuoz2/embedding_bias/scripts/cnn/train.py", line 142, in save
    os.makedirs(save_dir)
  File "/home/v1rmuoz2/conda/envs/gensim/lib/python3.7/os.py", line 223, in makedirs
    mkdir(name, mode)
FileExistsError: [Errno 17] File exists: './cnn/snapshot/2020-11-02_23-06-51'
